#
# There is insufficient memory for the Java Runtime Environment to continue.
# Native memory allocation (malloc) failed to allocate 1048576 bytes for AllocateHeap
# Possible reasons:
#   The system is out of physical RAM or swap space
#   In 32 bit mode, the process size limit was hit
# Possible solutions:
#   Reduce memory load on the system
#   Increase physical memory or swap space
#   Check if swap backing store is full
#   Use 64 bit Java on a 64 bit OS
#   Decrease Java heap size (-Xmx/-Xms)
#   Decrease number of Java threads
#   Decrease Java thread stack sizes (-Xss)
#   Set larger code cache with -XX:ReservedCodeCacheSize=
# This output file may be truncated or incomplete.
#
#  Out of Memory Error (memory/allocation.inline.hpp:61), pid=7056, tid=0x00000000000073b8
#
# JRE version:  (8.0_161-b12) (build )
# Java VM: Java HotSpot(TM) 64-Bit Server VM (25.161-b12 mixed mode windows-amd64 compressed oops)
# Failed to write core dump. Minidumps are not enabled by default on client versions of Windows
#

---------------  T H R E A D  ---------------

Current thread (0x0000000005103000):  JavaThread "Unknown thread" [_thread_in_vm, id=29624, stack(0x0000000003640000,0x0000000003740000)]

Stack: [0x0000000003640000,0x0000000003740000]
[error occurred during error reporting (printing stack bounds), id 0xc0000005]

Native frames: (J=compiled Java code, j=interpreted, Vv=VM code, C=native code)


---------------  P R O C E S S  ---------------

Java Threads: ( => current thread )

Other Threads:

=>0x0000000005103000 (exited) JavaThread "Unknown thread" [_thread_in_vm, id=29624, stack(0x0000000003640000,0x0000000003740000)]

VM state:not at safepoint (normal execution)

VM Mutex/Monitor currently owned by a thread: None

Heap:
 PSYoungGen      total 76288K, used 1310K [0x000000076b400000, 0x0000000770900000, 0x00000007c0000000)
  eden space 65536K, 2% used [0x000000076b400000,0x000000076b547af0,0x000000076f400000)
  from space 10752K, 0% used [0x000000076fe80000,0x000000076fe80000,0x0000000770900000)
  to   space 10752K, 0% used [0x000000076f400000,0x000000076f400000,0x000000076fe80000)
 ParOldGen       total 175104K, used 0K [0x00000006c1c00000, 0x00000006cc700000, 0x000000076b400000)
  object space 175104K, 0% used [0x00000006c1c00000,0x00000006c1c00000,0x00000006cc700000)
 Metaspace       used 770K, capacity 4480K, committed 4480K, reserved 1056768K
  class space    used 75K, capacity 384K, committed 384K, reserved 1048576K

Card table byte_map: [0x00000000145c0000,0x0000000014dc0000] byte_map_base: 0x0000000010fb2000

Marking Bits: (ParMarkBitMap*) 0x000000007393f860
 Begin Bits: [0x0000000015b10000, 0x0000000019aa0000)
 End Bits:   [0x0000000019aa0000, 0x000000001da30000)

Polling page: 0x0000000003740000

CodeCache: size=245760Kb used=328Kb max_used=328Kb free=245431Kb
 bounds [0x0000000005200000, 0x0000000005470000, 0x0000000014200000]
 total_blobs=58 nmethods=0 adapters=38
 compilation: enabled

Compilation events (0 events):
No events

GC Heap History (0 events):
No events

Deoptimization events (0 events):
No events

Classes redefined (0 events):
No events

Internal exceptions (0 events):
No events

Events (10 events):
Event: 0.027 loading class java/lang/Short
Event: 0.027 loading class java/lang/Short done
Event: 0.027 loading class java/lang/Integer
Event: 0.027 loading class java/lang/Integer done
Event: 0.027 loading class java/lang/Long
Event: 0.027 loading class java/lang/Long done
Event: 0.028 loading class java/lang/NullPointerException
Event: 0.028 loading class java/lang/NullPointerException done
Event: 0.028 loading class java/lang/ArithmeticException
Event: 0.028 loading class java/lang/ArithmeticException done


Dynamic libraries:
0x00007ff6dc920000 - 0x00007ff6dc957000 	C:\Program Files\Java\jdk1.8.0_161\bin\java.exe
0x00007ffbcefa0000 - 0x00007ffbcf180000 	C:\WINDOWS\SYSTEM32\ntdll.dll
0x00007ffbccf70000 - 0x00007ffbcd01e000 	C:\WINDOWS\System32\KERNEL32.DLL
0x00007ffbcbdd0000 - 0x00007ffbcc036000 	C:\WINDOWS\System32\KERNELBASE.dll
0x00007ffbcd080000 - 0x00007ffbcd121000 	C:\WINDOWS\System32\ADVAPI32.dll
0x00007ffbcee30000 - 0x00007ffbceecd000 	C:\WINDOWS\System32\msvcrt.dll
0x00007ffbce890000 - 0x00007ffbce8eb000 	C:\WINDOWS\System32\sechost.dll
0x00007ffbce6f0000 - 0x00007ffbce80f000 	C:\WINDOWS\System32\RPCRT4.dll
0x00007ffbccbe0000 - 0x00007ffbccd6f000 	C:\WINDOWS\System32\USER32.dll
0x00007ffbcbb70000 - 0x00007ffbcbb90000 	C:\WINDOWS\System32\win32u.dll
0x00007ffbceed0000 - 0x00007ffbceef8000 	C:\WINDOWS\System32\GDI32.dll
0x00007ffbcbb90000 - 0x00007ffbcbd23000 	C:\WINDOWS\System32\gdi32full.dll
0x00007ffbcbd30000 - 0x00007ffbcbdcb000 	C:\WINDOWS\System32\msvcp_win.dll
0x00007ffbcc260000 - 0x00007ffbcc356000 	C:\WINDOWS\System32\ucrtbase.dll
0x00007ffbc0ee0000 - 0x00007ffbc1149000 	C:\WINDOWS\WinSxS\amd64_microsoft.windows.common-controls_6595b64144ccf1df_6.0.16299.431_none_15c7d3ee93659e73\COMCTL32.dll
0x00007ffbce8f0000 - 0x00007ffbcebf8000 	C:\WINDOWS\System32\combase.dll
0x00007ffbcb3a0000 - 0x00007ffbcb412000 	C:\WINDOWS\System32\bcryptPrimitives.dll
0x00007ffbccbb0000 - 0x00007ffbccbdd000 	C:\WINDOWS\System32\IMM32.DLL
0x0000000075760000 - 0x0000000075832000 	C:\Program Files\Java\jdk1.8.0_161\jre\bin\msvcr100.dll
0x0000000073120000 - 0x00000000739bf000 	C:\Program Files\Java\jdk1.8.0_161\jre\bin\server\jvm.dll
0x00007ffbcd130000 - 0x00007ffbcd138000 	C:\WINDOWS\System32\PSAPI.DLL
0x00007ffbc7b30000 - 0x00007ffbc7b39000 	C:\WINDOWS\SYSTEM32\WSOCK32.dll
0x00007ffbbfbc0000 - 0x00007ffbbfbe3000 	C:\WINDOWS\SYSTEM32\WINMM.dll
0x00007ffbc7510000 - 0x00007ffbc751a000 	C:\WINDOWS\SYSTEM32\VERSION.dll
0x00007ffbcef00000 - 0x00007ffbcef6c000 	C:\WINDOWS\System32\WS2_32.dll
0x00007ffbbfb90000 - 0x00007ffbbfbba000 	C:\WINDOWS\SYSTEM32\winmmbase.dll
0x00007ffbcc210000 - 0x00007ffbcc25a000 	C:\WINDOWS\System32\cfgmgr32.dll
0x0000000075750000 - 0x000000007575f000 	C:\Program Files\Java\jdk1.8.0_161\jre\bin\verify.dll
0x0000000075720000 - 0x0000000075749000 	C:\Program Files\Java\jdk1.8.0_161\jre\bin\java.dll
0x00000000756d0000 - 0x00000000756f3000 	C:\Program Files\Java\jdk1.8.0_161\jre\bin\instrument.dll
0x0000000075700000 - 0x0000000075716000 	C:\Program Files\Java\jdk1.8.0_161\jre\bin\zip.dll

VM Arguments:
jvm_args: -javaagent:F:\intelij\IntelliJ IDEA 2017.3.4\lib\idea_rt.jar=62287:F:\intelij\IntelliJ IDEA 2017.3.4\bin -Dfile.encoding=UTF-8 
java_command: Main
java_class_path (initial): C:\Program Files\Java\jdk1.8.0_161\jre\lib\charsets.jar;C:\Program Files\Java\jdk1.8.0_161\jre\lib\deploy.jar;C:\Program Files\Java\jdk1.8.0_161\jre\lib\ext\access-bridge-64.jar;C:\Program Files\Java\jdk1.8.0_161\jre\lib\ext\cldrdata.jar;C:\Program Files\Java\jdk1.8.0_161\jre\lib\ext\dnsns.jar;C:\Program Files\Java\jdk1.8.0_161\jre\lib\ext\jaccess.jar;C:\Program Files\Java\jdk1.8.0_161\jre\lib\ext\jfxrt.jar;C:\Program Files\Java\jdk1.8.0_161\jre\lib\ext\localedata.jar;C:\Program Files\Java\jdk1.8.0_161\jre\lib\ext\nashorn.jar;C:\Program Files\Java\jdk1.8.0_161\jre\lib\ext\sunec.jar;C:\Program Files\Java\jdk1.8.0_161\jre\lib\ext\sunjce_provider.jar;C:\Program Files\Java\jdk1.8.0_161\jre\lib\ext\sunmscapi.jar;C:\Program Files\Java\jdk1.8.0_161\jre\lib\ext\sunpkcs11.jar;C:\Program Files\Java\jdk1.8.0_161\jre\lib\ext\zipfs.jar;C:\Program Files\Java\jdk1.8.0_161\jre\lib\javaws.jar;C:\Program Files\Java\jdk1.8.0_161\jre\lib\jce.jar;C:\Program Files\Java\jdk1.8.0_161\jre\lib\jfr.jar;C:\Program Files\Java\jdk1.8.0_161\jre\lib\jfxswt.jar;C:\Program Files\Java\jdk1.8.0_161\jre\lib\jsse.jar;C:\Program Files\Java\jdk1.8.0_161\jre\lib\management-agent.jar;C:\Program Files\Java\jdk1.8.0_161\jre\lib\plugin.jar;C:\Program Files\Java\jdk1.8.0_161\jre\lib\resources.jar;C:\Program Files\Java\jdk1.8.0_161\jre\lib\rt.jar;F:\JDM backup\out\production\JDM;F:\intelij\IntelliJ IDEA 2017.3.4\lib\idea_rt.jar
Launcher Type: SUN_STANDARD

Environment Variables:
PATH=C:\ProgramData\Oracle\Java\javapath;C:\Windows\system32;C:\Windows;C:\Windows\System32\Wbem;C:\Windows\System32\WindowsPowerShell\v1.0\;C:\Program Files (x86)\Skype\Phone\;C:\Program Files (x86)\NVIDIA Corporation\PhysX\Common;D:\KK\MKVToolNix;C:\WINDOWS\system32;C:\WINDOWS;C:\WINDOWS\System32\Wbem;C:\WINDOWS\System32\WindowsPowerShell\v1.0\;D:\KK\Git\cmd;C:\Users\asus\AppData\Local\Microsoft\WindowsApps;C:\Program Files\Java\jdk1.8.0_161\bin;
USERNAME=asus
OS=Windows_NT
PROCESSOR_IDENTIFIER=Intel64 Family 6 Model 158 Stepping 9, GenuineIntel



---------------  S Y S T E M  ---------------

OS: Windows 10.0 , 64 bit Build 16299 (10.0.16299.431)

CPU:total 8 (initial active 8) (4 cores per cpu, 2 threads per core) family 6 model 158 stepping 9, cmov, cx8, fxsr, mmx, sse, sse2, sse3, ssse3, sse4.1, sse4.2, popcnt, avx, avx2, aes, clmul, erms, 3dnowpref, lzcnt, ht, tsc, tscinvbit, bmi1, bmi2, adx

Memory: 4k page, physical 16659276k(7587652k free), swap 32201544k(320232k free)

vm_info: Java HotSpot(TM) 64-Bit Server VM (25.161-b12) for windows-amd64 JRE (1.8.0_161-b12), built on Dec 19 2017 17:52:25 by "java_re" with MS VC++ 10.0 (VS2010)

time: Mon May 28 08:12:19 2018
elapsed time: 0 seconds (0d 0h 0m 0s)

