#
# There is insufficient memory for the Java Runtime Environment to continue.
# Native memory allocation (malloc) failed to allocate 1048576 bytes for AllocateHeap
# Possible reasons:
#   The system is out of physical RAM or swap space
#   In 32 bit mode, the process size limit was hit
# Possible solutions:
#   Reduce memory load on the system
#   Increase physical memory or swap space
#   Check if swap backing store is full
#   Use 64 bit Java on a 64 bit OS
#   Decrease Java heap size (-Xmx/-Xms)
#   Decrease number of Java threads
#   Decrease Java thread stack sizes (-Xss)
#   Set larger code cache with -XX:ReservedCodeCacheSize=
# This output file may be truncated or incomplete.
#
#  Out of Memory Error (memory/allocation.inline.hpp:61), pid=21800, tid=0x000000000000336c
#
# JRE version:  (8.0_161-b12) (build )
# Java VM: Java HotSpot(TM) 64-Bit Server VM (25.161-b12 mixed mode windows-amd64 compressed oops)
# Failed to write core dump. Minidumps are not enabled by default on client versions of Windows
#

---------------  T H R E A D  ---------------

Current thread (0x0000000005333000):  JavaThread "Unknown thread" [_thread_in_vm, id=13164, stack(0x0000000005130000,0x0000000005230000)]

Stack: [0x0000000005130000,0x0000000005230000]
[error occurred during error reporting (printing stack bounds), id 0xc0000005]

Native frames: (J=compiled Java code, j=interpreted, Vv=VM code, C=native code)


---------------  P R O C E S S  ---------------

Java Threads: ( => current thread )

Other Threads:

=>0x0000000005333000 (exited) JavaThread "Unknown thread" [_thread_in_vm, id=13164, stack(0x0000000005130000,0x0000000005230000)]

VM state:not at safepoint (normal execution)

VM Mutex/Monitor currently owned by a thread: None

Heap:
 PSYoungGen      total 76288K, used 1310K [0x000000076b400000, 0x0000000770900000, 0x00000007c0000000)
  eden space 65536K, 2% used [0x000000076b400000,0x000000076b547af0,0x000000076f400000)
  from space 10752K, 0% used [0x000000076fe80000,0x000000076fe80000,0x0000000770900000)
  to   space 10752K, 0% used [0x000000076f400000,0x000000076f400000,0x000000076fe80000)
 ParOldGen       total 175104K, used 0K [0x00000006c1c00000, 0x00000006cc700000, 0x000000076b400000)
  object space 175104K, 0% used [0x00000006c1c00000,0x00000006c1c00000,0x00000006cc700000)
 Metaspace       used 770K, capacity 4480K, committed 4480K, reserved 1056768K
  class space    used 75K, capacity 384K, committed 384K, reserved 1048576K

Card table byte_map: [0x00000000147f0000,0x0000000014ff0000] byte_map_base: 0x00000000111e2000

Marking Bits: (ParMarkBitMap*) 0x000000006e02f860
 Begin Bits: [0x0000000015d40000, 0x0000000019cd0000)
 End Bits:   [0x0000000019cd0000, 0x000000001dc60000)

Polling page: 0x0000000003890000

CodeCache: size=245760Kb used=328Kb max_used=328Kb free=245431Kb
 bounds [0x0000000005430000, 0x00000000056a0000, 0x0000000014430000]
 total_blobs=58 nmethods=0 adapters=38
 compilation: enabled

Compilation events (0 events):
No events

GC Heap History (0 events):
No events

Deoptimization events (0 events):
No events

Classes redefined (0 events):
No events

Internal exceptions (0 events):
No events

Events (10 events):
Event: 0.029 loading class java/lang/Short
Event: 0.029 loading class java/lang/Short done
Event: 0.029 loading class java/lang/Integer
Event: 0.029 loading class java/lang/Integer done
Event: 0.029 loading class java/lang/Long
Event: 0.029 loading class java/lang/Long done
Event: 0.030 loading class java/lang/NullPointerException
Event: 0.030 loading class java/lang/NullPointerException done
Event: 0.030 loading class java/lang/ArithmeticException
Event: 0.030 loading class java/lang/ArithmeticException done


Dynamic libraries:
0x00007ff7c7b30000 - 0x00007ff7c7b67000 	C:\Program Files\Java\jdk1.8.0_161\bin\java.exe
0x00007ffa60940000 - 0x00007ffa60b20000 	C:\WINDOWS\SYSTEM32\ntdll.dll
0x00007ffa5e850000 - 0x00007ffa5e8fe000 	C:\WINDOWS\System32\KERNEL32.DLL
0x00007ffa5cff0000 - 0x00007ffa5d256000 	C:\WINDOWS\System32\KERNELBASE.dll
0x00007ffa5de10000 - 0x00007ffa5deb1000 	C:\WINDOWS\System32\ADVAPI32.dll
0x00007ffa5e4a0000 - 0x00007ffa5e53d000 	C:\WINDOWS\System32\msvcrt.dll
0x00007ffa60480000 - 0x00007ffa604db000 	C:\WINDOWS\System32\sechost.dll
0x00007ffa5e1d0000 - 0x00007ffa5e2ef000 	C:\WINDOWS\System32\RPCRT4.dll
0x00007ffa60780000 - 0x00007ffa6090f000 	C:\WINDOWS\System32\USER32.dll
0x00007ffa5d9b0000 - 0x00007ffa5d9d0000 	C:\WINDOWS\System32\win32u.dll
0x00007ffa5df80000 - 0x00007ffa5dfa8000 	C:\WINDOWS\System32\GDI32.dll
0x00007ffa5cda0000 - 0x00007ffa5cf33000 	C:\WINDOWS\System32\gdi32full.dll
0x00007ffa5da20000 - 0x00007ffa5dabb000 	C:\WINDOWS\System32\msvcp_win.dll
0x00007ffa5dac0000 - 0x00007ffa5dbb6000 	C:\WINDOWS\System32\ucrtbase.dll
0x00007ffa52a60000 - 0x00007ffa52cc9000 	C:\WINDOWS\WinSxS\amd64_microsoft.windows.common-controls_6595b64144ccf1df_6.0.16299.431_none_15c7d3ee93659e73\COMCTL32.dll
0x00007ffa5e540000 - 0x00007ffa5e848000 	C:\WINDOWS\System32\combase.dll
0x00007ffa5dd90000 - 0x00007ffa5de02000 	C:\WINDOWS\System32\bcryptPrimitives.dll
0x00007ffa5e2f0000 - 0x00007ffa5e31d000 	C:\WINDOWS\System32\IMM32.DLL
0x000000006f460000 - 0x000000006f532000 	C:\Program Files\Java\jdk1.8.0_161\jre\bin\msvcr100.dll
0x000000006d810000 - 0x000000006e0af000 	C:\Program Files\Java\jdk1.8.0_161\jre\bin\server\jvm.dll
0x00007ffa5e320000 - 0x00007ffa5e328000 	C:\WINDOWS\System32\PSAPI.DLL
0x00007ffa58ed0000 - 0x00007ffa58ed9000 	C:\WINDOWS\SYSTEM32\WSOCK32.dll
0x00007ffa42480000 - 0x00007ffa424a3000 	C:\WINDOWS\SYSTEM32\WINMM.dll
0x00007ffa58ba0000 - 0x00007ffa58baa000 	C:\WINDOWS\SYSTEM32\VERSION.dll
0x00007ffa5e160000 - 0x00007ffa5e1cc000 	C:\WINDOWS\System32\WS2_32.dll
0x00007ffa42380000 - 0x00007ffa423aa000 	C:\WINDOWS\SYSTEM32\winmmbase.dll
0x00007ffa5d9d0000 - 0x00007ffa5da1a000 	C:\WINDOWS\System32\cfgmgr32.dll
0x000000006f450000 - 0x000000006f45f000 	C:\Program Files\Java\jdk1.8.0_161\jre\bin\verify.dll
0x000000006f420000 - 0x000000006f449000 	C:\Program Files\Java\jdk1.8.0_161\jre\bin\java.dll
0x000000006f3d0000 - 0x000000006f3f3000 	C:\Program Files\Java\jdk1.8.0_161\jre\bin\instrument.dll
0x000000006f400000 - 0x000000006f416000 	C:\Program Files\Java\jdk1.8.0_161\jre\bin\zip.dll

VM Arguments:
jvm_args: -javaagent:F:\intelij\IntelliJ IDEA 2017.3.4\lib\idea_rt.jar=64501:F:\intelij\IntelliJ IDEA 2017.3.4\bin -Dfile.encoding=UTF-8 
java_command: Main
java_class_path (initial): C:\Program Files\Java\jdk1.8.0_161\jre\lib\charsets.jar;C:\Program Files\Java\jdk1.8.0_161\jre\lib\deploy.jar;C:\Program Files\Java\jdk1.8.0_161\jre\lib\ext\access-bridge-64.jar;C:\Program Files\Java\jdk1.8.0_161\jre\lib\ext\cldrdata.jar;C:\Program Files\Java\jdk1.8.0_161\jre\lib\ext\dnsns.jar;C:\Program Files\Java\jdk1.8.0_161\jre\lib\ext\jaccess.jar;C:\Program Files\Java\jdk1.8.0_161\jre\lib\ext\jfxrt.jar;C:\Program Files\Java\jdk1.8.0_161\jre\lib\ext\localedata.jar;C:\Program Files\Java\jdk1.8.0_161\jre\lib\ext\nashorn.jar;C:\Program Files\Java\jdk1.8.0_161\jre\lib\ext\sunec.jar;C:\Program Files\Java\jdk1.8.0_161\jre\lib\ext\sunjce_provider.jar;C:\Program Files\Java\jdk1.8.0_161\jre\lib\ext\sunmscapi.jar;C:\Program Files\Java\jdk1.8.0_161\jre\lib\ext\sunpkcs11.jar;C:\Program Files\Java\jdk1.8.0_161\jre\lib\ext\zipfs.jar;C:\Program Files\Java\jdk1.8.0_161\jre\lib\javaws.jar;C:\Program Files\Java\jdk1.8.0_161\jre\lib\jce.jar;C:\Program Files\Java\jdk1.8.0_161\jre\lib\jfr.jar;C:\Program Files\Java\jdk1.8.0_161\jre\lib\jfxswt.jar;C:\Program Files\Java\jdk1.8.0_161\jre\lib\jsse.jar;C:\Program Files\Java\jdk1.8.0_161\jre\lib\management-agent.jar;C:\Program Files\Java\jdk1.8.0_161\jre\lib\plugin.jar;C:\Program Files\Java\jdk1.8.0_161\jre\lib\resources.jar;C:\Program Files\Java\jdk1.8.0_161\jre\lib\rt.jar;F:\JDM backup\out\production\JDM;F:\intelij\IntelliJ IDEA 2017.3.4\lib\idea_rt.jar
Launcher Type: SUN_STANDARD

Environment Variables:
PATH=C:\ProgramData\Oracle\Java\javapath;C:\Windows\system32;C:\Windows;C:\Windows\System32\Wbem;C:\Windows\System32\WindowsPowerShell\v1.0\;C:\Program Files (x86)\Skype\Phone\;C:\Program Files (x86)\NVIDIA Corporation\PhysX\Common;D:\KK\MKVToolNix;C:\WINDOWS\system32;C:\WINDOWS;C:\WINDOWS\System32\Wbem;C:\WINDOWS\System32\WindowsPowerShell\v1.0\;D:\KK\Git\cmd;C:\Users\asus\AppData\Local\Microsoft\WindowsApps;C:\Program Files\Java\jdk1.8.0_161\bin;
USERNAME=asus
OS=Windows_NT
PROCESSOR_IDENTIFIER=Intel64 Family 6 Model 158 Stepping 9, GenuineIntel



---------------  S Y S T E M  ---------------

OS: Windows 10.0 , 64 bit Build 16299 (10.0.16299.431)

CPU:total 8 (initial active 8) (4 cores per cpu, 2 threads per core) family 6 model 158 stepping 9, cmov, cx8, fxsr, mmx, sse, sse2, sse3, ssse3, sse4.1, sse4.2, popcnt, avx, avx2, aes, clmul, erms, 3dnowpref, lzcnt, ht, tsc, tscinvbit, bmi1, bmi2, adx

Memory: 4k page, physical 16659276k(8750324k free), swap 32201544k(5496k free)

vm_info: Java HotSpot(TM) 64-Bit Server VM (25.161-b12) for windows-amd64 JRE (1.8.0_161-b12), built on Dec 19 2017 17:52:25 by "java_re" with MS VC++ 10.0 (VS2010)

time: Sat May 19 05:43:34 2018
elapsed time: 0 seconds (0d 0h 0m 0s)

