#
# There is insufficient memory for the Java Runtime Environment to continue.
# Native memory allocation (malloc) failed to allocate 32744 bytes for ChunkPool::allocate
# Possible reasons:
#   The system is out of physical RAM or swap space
#   In 32 bit mode, the process size limit was hit
# Possible solutions:
#   Reduce memory load on the system
#   Increase physical memory or swap space
#   Check if swap backing store is full
#   Use 64 bit Java on a 64 bit OS
#   Decrease Java heap size (-Xmx/-Xms)
#   Decrease number of Java threads
#   Decrease Java thread stack sizes (-Xss)
#   Set larger code cache with -XX:ReservedCodeCacheSize=
# This output file may be truncated or incomplete.
#
#  Out of Memory Error (allocation.cpp:273), pid=25828, tid=0x00000000000020f4
#
# JRE version: Java(TM) SE Runtime Environment (8.0_161-b12) (build 1.8.0_161-b12)
# Java VM: Java HotSpot(TM) 64-Bit Server VM (25.161-b12 mixed mode windows-amd64 compressed oops)
# Failed to write core dump. Minidumps are not enabled by default on client versions of Windows
#

---------------  T H R E A D  ---------------

Current thread (0x0000000020985000):  JavaThread "C2 CompilerThread2" daemon [_thread_in_native, id=8436, stack(0x00000000214a0000,0x00000000215a0000)]

Stack: [0x00000000214a0000,0x00000000215a0000]
[error occurred during error reporting (printing stack bounds), id 0xc0000005]

Native frames: (J=compiled Java code, j=interpreted, Vv=VM code, C=native code)


Current CompileTask:
C2:    125    9       4       java.lang.String::hashCode (55 bytes)


---------------  P R O C E S S  ---------------

Java Threads: ( => current thread )
  0x0000000020a8f800 JavaThread "Service Thread" daemon [_thread_blocked, id=23380, stack(0x00000000216a0000,0x00000000217a0000)]
  0x000000002098a000 JavaThread "C1 CompilerThread3" daemon [_thread_blocked, id=29132, stack(0x00000000215a0000,0x00000000216a0000)]
=>0x0000000020985000 JavaThread "C2 CompilerThread2" daemon [_thread_in_native, id=8436, stack(0x00000000214a0000,0x00000000215a0000)]
  0x0000000020981800 JavaThread "C2 CompilerThread1" daemon [_thread_in_native, id=9620, stack(0x00000000213a0000,0x00000000214a0000)]
  0x0000000020980800 JavaThread "C2 CompilerThread0" daemon [_thread_blocked, id=24496, stack(0x00000000212a0000,0x00000000213a0000)]
  0x0000000020972000 JavaThread "Monitor Ctrl-Break" daemon [_thread_in_vm, id=19640, stack(0x00000000211a0000,0x00000000212a0000)]
  0x00000000208df000 JavaThread "Attach Listener" daemon [_thread_blocked, id=26284, stack(0x00000000210a0000,0x00000000211a0000)]
  0x000000002092e800 JavaThread "Signal Dispatcher" daemon [_thread_blocked, id=29088, stack(0x0000000020fa0000,0x00000000210a0000)]
  0x00000000208d0800 JavaThread "Finalizer" daemon [_thread_blocked, id=24452, stack(0x0000000020cb0000,0x0000000020db0000)]
  0x0000000004fb8000 JavaThread "Reference Handler" daemon [_thread_blocked, id=2676, stack(0x00000000207b0000,0x00000000208b0000)]
  0x0000000004ec3000 JavaThread "main" [_thread_in_native, id=15544, stack(0x0000000004c60000,0x0000000004d60000)]

Other Threads:
  0x000000001e9d8800 VMThread [stack: 0x00000000206b0000,0x00000000207b0000] [id=24796]

VM state:not at safepoint (normal execution)

VM Mutex/Monitor currently owned by a thread: None

Heap:
 PSYoungGen      total 76288K, used 3936K [0x000000076b400000, 0x0000000770900000, 0x00000007c0000000)
  eden space 65536K, 6% used [0x000000076b400000,0x000000076b7d8308,0x000000076f400000)
  from space 10752K, 0% used [0x000000076fe80000,0x000000076fe80000,0x0000000770900000)
  to   space 10752K, 0% used [0x000000076f400000,0x000000076f400000,0x000000076fe80000)
 ParOldGen       total 175104K, used 0K [0x00000006c1c00000, 0x00000006cc700000, 0x000000076b400000)
  object space 175104K, 0% used [0x00000006c1c00000,0x00000006c1c00000,0x00000006cc700000)
 Metaspace       used 3176K, capacity 4494K, committed 4864K, reserved 1056768K
  class space    used 344K, capacity 386K, committed 512K, reserved 1048576K

Card table byte_map: [0x0000000014380000,0x0000000014b80000] byte_map_base: 0x0000000010d72000

Marking Bits: (ParMarkBitMap*) 0x000000006e02f860
 Begin Bits: [0x00000000158d0000, 0x0000000019860000)
 End Bits:   [0x0000000019860000, 0x000000001d7f0000)

Polling page: 0x0000000002ef0000

CodeCache: size=245760Kb used=1103Kb max_used=1103Kb free=244656Kb
 bounds [0x0000000004fc0000, 0x0000000005230000, 0x0000000013fc0000]
 total_blobs=254 nmethods=14 adapters=151
 compilation: enabled

Compilation events (10 events):
Event: 0.122 Thread 0x000000002098a000 nmethod 12 0x00000000050d0c10 code [0x00000000050d0de0, 0x00000000050d1788]
Event: 0.123 Thread 0x0000000020980800    8       4       java.lang.String::equals (81 bytes)
Event: 0.123 Thread 0x0000000020985000    9       4       java.lang.String::hashCode (55 bytes)
Event: 0.123 Thread 0x0000000020981800    6       4       java.lang.Object::<init> (1 bytes)
Event: 0.123 Thread 0x000000002098a000   13       3       java.util.Arrays::copyOf (19 bytes)
Event: 0.123 Thread 0x0000000020981800 nmethod 6 0x00000000050c4b90 code [0x00000000050c4cc0, 0x00000000050c4d58]
Event: 0.123 Thread 0x0000000020981800    7       4       java.lang.String::charAt (29 bytes)
Event: 0.123 Thread 0x000000002098a000 nmethod 13 0x00000000050c6ad0 code [0x00000000050c6c40, 0x00000000050c6f68]
Event: 0.124 Thread 0x0000000020981800 nmethod 7 0x00000000050c6410 code [0x00000000050c6560, 0x00000000050c6638]
Event: 0.124 Thread 0x0000000020981800    4       4       java.lang.AbstractStringBuilder::ensureCapacityInternal (27 bytes)

GC Heap History (0 events):
No events

Deoptimization events (0 events):
No events

Classes redefined (0 events):
No events

Internal exceptions (2 events):
Event: 0.035 Thread 0x0000000004ec3000 Exception <a 'java/lang/NoSuchMethodError': Method sun.misc.Unsafe.defineClass(Ljava/lang/String;[BII)Ljava/lang/Class; name or signature does not match> (0x000000076b407ca0) thrown at [C:\re\workspace\8-2-build-windows-amd64-cygwin\jdk8u161\10277\hotspot
Event: 0.035 Thread 0x0000000004ec3000 Exception <a 'java/lang/NoSuchMethodError': Method sun.misc.Unsafe.prefetchRead(Ljava/lang/Object;J)V name or signature does not match> (0x000000076b407f88) thrown at [C:\re\workspace\8-2-build-windows-amd64-cygwin\jdk8u161\10277\hotspot\src\share\vm\prim

Events (10 events):
Event: 0.124 loading class sun/net/util/IPAddressUtil
Event: 0.124 loading class sun/net/util/IPAddressUtil done
Event: 0.124 loading class java/net/Inet4Address
Event: 0.124 loading class sun/usagetracker/UsageTrackerClient$2
Event: 0.124 loading class java/net/Inet4Address done
Event: 0.124 loading class java/net/SocksSocketImpl
Event: 0.124 loading class java/net/SocksConsts
Event: 0.124 loading class java/net/SocksConsts done
Event: 0.124 loading class java/net/PlainSocketImpl
Event: 0.124 loading class java/net/AbstractPlainSocketImpl


Dynamic libraries:
0x00007ff7c7b30000 - 0x00007ff7c7b67000 	C:\Program Files\Java\jdk1.8.0_161\bin\java.exe
0x00007ffa60940000 - 0x00007ffa60b20000 	C:\WINDOWS\SYSTEM32\ntdll.dll
0x00007ffa5e850000 - 0x00007ffa5e8fe000 	C:\WINDOWS\System32\KERNEL32.DLL
0x00007ffa5cff0000 - 0x00007ffa5d256000 	C:\WINDOWS\System32\KERNELBASE.dll
0x00007ffa5de10000 - 0x00007ffa5deb1000 	C:\WINDOWS\System32\ADVAPI32.dll
0x00007ffa5e4a0000 - 0x00007ffa5e53d000 	C:\WINDOWS\System32\msvcrt.dll
0x00007ffa60480000 - 0x00007ffa604db000 	C:\WINDOWS\System32\sechost.dll
0x00007ffa5e1d0000 - 0x00007ffa5e2ef000 	C:\WINDOWS\System32\RPCRT4.dll
0x00007ffa60780000 - 0x00007ffa6090f000 	C:\WINDOWS\System32\USER32.dll
0x00007ffa5d9b0000 - 0x00007ffa5d9d0000 	C:\WINDOWS\System32\win32u.dll
0x00007ffa5df80000 - 0x00007ffa5dfa8000 	C:\WINDOWS\System32\GDI32.dll
0x00007ffa5cda0000 - 0x00007ffa5cf33000 	C:\WINDOWS\System32\gdi32full.dll
0x00007ffa5da20000 - 0x00007ffa5dabb000 	C:\WINDOWS\System32\msvcp_win.dll
0x00007ffa5dac0000 - 0x00007ffa5dbb6000 	C:\WINDOWS\System32\ucrtbase.dll
0x00007ffa52a60000 - 0x00007ffa52cc9000 	C:\WINDOWS\WinSxS\amd64_microsoft.windows.common-controls_6595b64144ccf1df_6.0.16299.431_none_15c7d3ee93659e73\COMCTL32.dll
0x00007ffa5e540000 - 0x00007ffa5e848000 	C:\WINDOWS\System32\combase.dll
0x00007ffa5dd90000 - 0x00007ffa5de02000 	C:\WINDOWS\System32\bcryptPrimitives.dll
0x00007ffa5e2f0000 - 0x00007ffa5e31d000 	C:\WINDOWS\System32\IMM32.DLL
0x000000006f460000 - 0x000000006f532000 	C:\Program Files\Java\jdk1.8.0_161\jre\bin\msvcr100.dll
0x000000006d810000 - 0x000000006e0af000 	C:\Program Files\Java\jdk1.8.0_161\jre\bin\server\jvm.dll
0x00007ffa5e320000 - 0x00007ffa5e328000 	C:\WINDOWS\System32\PSAPI.DLL
0x00007ffa58ed0000 - 0x00007ffa58ed9000 	C:\WINDOWS\SYSTEM32\WSOCK32.dll
0x00007ffa42480000 - 0x00007ffa424a3000 	C:\WINDOWS\SYSTEM32\WINMM.dll
0x00007ffa58ba0000 - 0x00007ffa58baa000 	C:\WINDOWS\SYSTEM32\VERSION.dll
0x00007ffa5e160000 - 0x00007ffa5e1cc000 	C:\WINDOWS\System32\WS2_32.dll
0x00007ffa42380000 - 0x00007ffa423aa000 	C:\WINDOWS\SYSTEM32\winmmbase.dll
0x00007ffa5d9d0000 - 0x00007ffa5da1a000 	C:\WINDOWS\System32\cfgmgr32.dll
0x000000006f450000 - 0x000000006f45f000 	C:\Program Files\Java\jdk1.8.0_161\jre\bin\verify.dll
0x000000006f420000 - 0x000000006f449000 	C:\Program Files\Java\jdk1.8.0_161\jre\bin\java.dll
0x000000006f3d0000 - 0x000000006f3f3000 	C:\Program Files\Java\jdk1.8.0_161\jre\bin\instrument.dll
0x000000006f400000 - 0x000000006f416000 	C:\Program Files\Java\jdk1.8.0_161\jre\bin\zip.dll
0x00007ffa5ea70000 - 0x00007ffa5fea8000 	C:\WINDOWS\System32\SHELL32.dll
0x00007ffa5ded0000 - 0x00007ffa5df76000 	C:\WINDOWS\System32\shcore.dll
0x00007ffa5d260000 - 0x00007ffa5d9a7000 	C:\WINDOWS\System32\windows.storage.dll
0x00007ffa5feb0000 - 0x00007ffa5ff01000 	C:\WINDOWS\System32\shlwapi.dll
0x00007ffa5cd00000 - 0x00007ffa5cd11000 	C:\WINDOWS\System32\kernel.appcore.dll
0x00007ffa5ccb0000 - 0x00007ffa5ccfc000 	C:\WINDOWS\System32\powrprof.dll
0x00007ffa5cc90000 - 0x00007ffa5ccab000 	C:\WINDOWS\System32\profapi.dll
0x00007ffa48ac0000 - 0x00007ffa48ada000 	F:\intelij\IntelliJ IDEA 2017.3.4\bin\breakgen64.dll
0x000000006f3b0000 - 0x000000006f3ca000 	C:\Program Files\Java\jdk1.8.0_161\jre\bin\net.dll
0x00007ffa5c4c0000 - 0x00007ffa5c526000 	C:\WINDOWS\system32\mswsock.dll

VM Arguments:
jvm_args: -javaagent:F:\intelij\IntelliJ IDEA 2017.3.4\lib\idea_rt.jar=64868:F:\intelij\IntelliJ IDEA 2017.3.4\bin -Dfile.encoding=UTF-8 
java_command: Main
java_class_path (initial): C:\Program Files\Java\jdk1.8.0_161\jre\lib\charsets.jar;C:\Program Files\Java\jdk1.8.0_161\jre\lib\deploy.jar;C:\Program Files\Java\jdk1.8.0_161\jre\lib\ext\access-bridge-64.jar;C:\Program Files\Java\jdk1.8.0_161\jre\lib\ext\cldrdata.jar;C:\Program Files\Java\jdk1.8.0_161\jre\lib\ext\dnsns.jar;C:\Program Files\Java\jdk1.8.0_161\jre\lib\ext\jaccess.jar;C:\Program Files\Java\jdk1.8.0_161\jre\lib\ext\jfxrt.jar;C:\Program Files\Java\jdk1.8.0_161\jre\lib\ext\localedata.jar;C:\Program Files\Java\jdk1.8.0_161\jre\lib\ext\nashorn.jar;C:\Program Files\Java\jdk1.8.0_161\jre\lib\ext\sunec.jar;C:\Program Files\Java\jdk1.8.0_161\jre\lib\ext\sunjce_provider.jar;C:\Program Files\Java\jdk1.8.0_161\jre\lib\ext\sunmscapi.jar;C:\Program Files\Java\jdk1.8.0_161\jre\lib\ext\sunpkcs11.jar;C:\Program Files\Java\jdk1.8.0_161\jre\lib\ext\zipfs.jar;C:\Program Files\Java\jdk1.8.0_161\jre\lib\javaws.jar;C:\Program Files\Java\jdk1.8.0_161\jre\lib\jce.jar;C:\Program Files\Java\jdk1.8.0_161\jre\lib\jfr.jar;C:\Program Files\Java\jdk1.8.0_161\jre\lib\jfxswt.jar;C:\Program Files\Java\jdk1.8.0_161\jre\lib\jsse.jar;C:\Program Files\Java\jdk1.8.0_161\jre\lib\management-agent.jar;C:\Program Files\Java\jdk1.8.0_161\jre\lib\plugin.jar;C:\Program Files\Java\jdk1.8.0_161\jre\lib\resources.jar;C:\Program Files\Java\jdk1.8.0_161\jre\lib\rt.jar;F:\JDM backup\out\production\JDM;F:\intelij\IntelliJ IDEA 2017.3.4\lib\idea_rt.jar
Launcher Type: SUN_STANDARD

Environment Variables:
PATH=C:\ProgramData\Oracle\Java\javapath;C:\Windows\system32;C:\Windows;C:\Windows\System32\Wbem;C:\Windows\System32\WindowsPowerShell\v1.0\;C:\Program Files (x86)\Skype\Phone\;C:\Program Files (x86)\NVIDIA Corporation\PhysX\Common;D:\KK\MKVToolNix;C:\WINDOWS\system32;C:\WINDOWS;C:\WINDOWS\System32\Wbem;C:\WINDOWS\System32\WindowsPowerShell\v1.0\;D:\KK\Git\cmd;C:\Users\asus\AppData\Local\Microsoft\WindowsApps;C:\Program Files\Java\jdk1.8.0_161\bin;
USERNAME=asus
OS=Windows_NT
PROCESSOR_IDENTIFIER=Intel64 Family 6 Model 158 Stepping 9, GenuineIntel



---------------  S Y S T E M  ---------------

OS: Windows 10.0 , 64 bit Build 16299 (10.0.16299.431)

CPU:total 8 (initial active 8) (4 cores per cpu, 2 threads per core) family 6 model 158 stepping 9, cmov, cx8, fxsr, mmx, sse, sse2, sse3, ssse3, sse4.1, sse4.2, popcnt, avx, avx2, aes, clmul, erms, 3dnowpref, lzcnt, ht, tsc, tscinvbit, bmi1, bmi2, adx

Memory: 4k page, physical 16659276k(9273120k free), swap 32201544k(3168k free)

vm_info: Java HotSpot(TM) 64-Bit Server VM (25.161-b12) for windows-amd64 JRE (1.8.0_161-b12), built on Dec 19 2017 17:52:25 by "java_re" with MS VC++ 10.0 (VS2010)

time: Sat May 19 06:12:17 2018
elapsed time: 0 seconds (0d 0h 0m 0s)

